2018-04-06 11:12:30 [WARN ] [HikariPool.java]run(756) : HikariPool-8 - Thread starvation or clock leap detected (housekeeper delta=13h1m29s72ms).
2018-04-06 11:12:30 [WARN ] [HikariPool.java]run(756) : HikariPool-7 - Thread starvation or clock leap detected (housekeeper delta=13h59s470ms).
2018-04-06 11:12:32 [DEBUG] [HikariPool.java]logPoolState(404) : HikariPool-8 - Before cleanup stats (total=1, active=0, idle=1, waiting=0)
2018-04-06 11:12:32 [DEBUG] [HikariPool.java]logPoolState(404) : HikariPool-7 - Before cleanup stats (total=1, active=0, idle=1, waiting=0)
2018-04-06 11:12:32 [DEBUG] [HikariPool.java]logPoolState(404) : HikariPool-7 - After cleanup  stats (total=1, active=0, idle=1, waiting=0)
2018-04-06 11:12:32 [DEBUG] [HikariPool.java]logPoolState(404) : HikariPool-8 - After cleanup  stats (total=1, active=0, idle=1, waiting=0)
2018-04-06 11:13:00 [DEBUG] [HikariPool.java]logPoolState(404) : HikariPool-8 - Before cleanup stats (total=1, active=0, idle=1, waiting=0)
2018-04-06 11:13:00 [DEBUG] [HikariPool.java]logPoolState(404) : HikariPool-7 - Before cleanup stats (total=1, active=0, idle=1, waiting=0)
2018-04-06 11:13:00 [DEBUG] [HikariPool.java]logPoolState(404) : HikariPool-8 - After cleanup  stats (total=1, active=0, idle=1, waiting=0)
2018-04-06 11:13:00 [DEBUG] [HikariPool.java]logPoolState(404) : HikariPool-7 - After cleanup  stats (total=1, active=0, idle=1, waiting=0)
2018-04-06 11:13:30 [DEBUG] [HikariPool.java]logPoolState(404) : HikariPool-8 - Before cleanup stats (total=1, active=0, idle=1, waiting=0)
2018-04-06 11:13:30 [DEBUG] [HikariPool.java]logPoolState(404) : HikariPool-7 - Before cleanup stats (total=1, active=0, idle=1, waiting=0)
2018-04-06 11:13:30 [DEBUG] [HikariPool.java]logPoolState(404) : HikariPool-8 - After cleanup  stats (total=1, active=0, idle=1, waiting=0)
2018-04-06 11:13:30 [DEBUG] [HikariPool.java]logPoolState(404) : HikariPool-7 - After cleanup  stats (total=1, active=0, idle=1, waiting=0)
2018-04-06 11:14:00 [DEBUG] [HikariPool.java]logPoolState(404) : HikariPool-8 - Before cleanup stats (total=1, active=0, idle=1, waiting=0)
2018-04-06 11:14:00 [DEBUG] [HikariPool.java]logPoolState(404) : HikariPool-8 - After cleanup  stats (total=1, active=0, idle=1, waiting=0)
2018-04-06 11:14:00 [DEBUG] [HikariPool.java]logPoolState(404) : HikariPool-7 - Before cleanup stats (total=1, active=0, idle=1, waiting=0)
2018-04-06 11:14:00 [DEBUG] [HikariPool.java]logPoolState(404) : HikariPool-7 - After cleanup  stats (total=1, active=0, idle=1, waiting=0)
2018-04-06 11:14:30 [DEBUG] [HikariPool.java]logPoolState(404) : HikariPool-8 - Before cleanup stats (total=1, active=0, idle=1, waiting=0)
2018-04-06 11:14:30 [DEBUG] [HikariPool.java]logPoolState(404) : HikariPool-7 - Before cleanup stats (total=1, active=0, idle=1, waiting=0)
2018-04-06 11:14:30 [DEBUG] [HikariPool.java]logPoolState(404) : HikariPool-8 - After cleanup  stats (total=1, active=0, idle=1, waiting=0)
2018-04-06 11:14:30 [DEBUG] [HikariPool.java]logPoolState(404) : HikariPool-7 - After cleanup  stats (total=1, active=0, idle=1, waiting=0)
2018-04-06 11:15:00 [DEBUG] [HikariPool.java]logPoolState(404) : HikariPool-7 - Before cleanup stats (total=1, active=0, idle=1, waiting=0)
2018-04-06 11:15:00 [DEBUG] [HikariPool.java]logPoolState(404) : HikariPool-8 - Before cleanup stats (total=1, active=0, idle=1, waiting=0)
2018-04-06 11:15:00 [DEBUG] [HikariPool.java]logPoolState(404) : HikariPool-7 - After cleanup  stats (total=1, active=0, idle=1, waiting=0)
2018-04-06 11:15:00 [DEBUG] [HikariPool.java]logPoolState(404) : HikariPool-8 - After cleanup  stats (total=1, active=0, idle=1, waiting=0)
2018-04-06 11:15:30 [DEBUG] [HikariPool.java]logPoolState(404) : HikariPool-8 - Before cleanup stats (total=1, active=0, idle=1, waiting=0)
2018-04-06 11:15:30 [DEBUG] [HikariPool.java]logPoolState(404) : HikariPool-7 - Before cleanup stats (total=1, active=0, idle=1, waiting=0)
2018-04-06 11:15:30 [DEBUG] [HikariPool.java]logPoolState(404) : HikariPool-7 - After cleanup  stats (total=1, active=0, idle=1, waiting=0)
2018-04-06 11:15:30 [DEBUG] [HikariPool.java]logPoolState(404) : HikariPool-8 - After cleanup  stats (total=1, active=0, idle=1, waiting=0)
2018-04-06 11:16:00 [DEBUG] [HikariPool.java]logPoolState(404) : HikariPool-8 - Before cleanup stats (total=1, active=0, idle=1, waiting=0)
2018-04-06 11:16:00 [DEBUG] [HikariPool.java]logPoolState(404) : HikariPool-7 - Before cleanup stats (total=1, active=0, idle=1, waiting=0)
2018-04-06 11:16:00 [DEBUG] [HikariPool.java]logPoolState(404) : HikariPool-8 - After cleanup  stats (total=1, active=0, idle=1, waiting=0)
2018-04-06 11:16:00 [DEBUG] [HikariPool.java]logPoolState(404) : HikariPool-7 - After cleanup  stats (total=1, active=0, idle=1, waiting=0)
2018-04-06 11:16:30 [DEBUG] [HikariPool.java]logPoolState(404) : HikariPool-8 - Before cleanup stats (total=1, active=0, idle=1, waiting=0)
2018-04-06 11:16:30 [DEBUG] [HikariPool.java]logPoolState(404) : HikariPool-8 - After cleanup  stats (total=1, active=0, idle=1, waiting=0)
2018-04-06 11:16:30 [DEBUG] [HikariPool.java]logPoolState(404) : HikariPool-7 - Before cleanup stats (total=1, active=0, idle=1, waiting=0)
2018-04-06 11:16:30 [DEBUG] [HikariPool.java]logPoolState(404) : HikariPool-7 - After cleanup  stats (total=1, active=0, idle=1, waiting=0)
2018-04-06 11:17:00 [DEBUG] [HikariPool.java]logPoolState(404) : HikariPool-8 - Before cleanup stats (total=1, active=0, idle=1, waiting=0)
2018-04-06 11:17:00 [DEBUG] [HikariPool.java]logPoolState(404) : HikariPool-7 - Before cleanup stats (total=1, active=0, idle=1, waiting=0)
2018-04-06 11:17:00 [DEBUG] [HikariPool.java]logPoolState(404) : HikariPool-8 - After cleanup  stats (total=1, active=0, idle=1, waiting=0)
2018-04-06 11:17:00 [DEBUG] [HikariPool.java]logPoolState(404) : HikariPool-7 - After cleanup  stats (total=1, active=0, idle=1, waiting=0)
2018-04-06 11:17:30 [DEBUG] [HikariPool.java]logPoolState(404) : HikariPool-8 - Before cleanup stats (total=1, active=0, idle=1, waiting=0)
2018-04-06 11:17:30 [DEBUG] [HikariPool.java]logPoolState(404) : HikariPool-8 - After cleanup  stats (total=1, active=0, idle=1, waiting=0)
2018-04-06 11:17:30 [DEBUG] [HikariPool.java]logPoolState(404) : HikariPool-7 - Before cleanup stats (total=1, active=0, idle=1, waiting=0)
2018-04-06 11:17:30 [DEBUG] [HikariPool.java]logPoolState(404) : HikariPool-7 - After cleanup  stats (total=1, active=0, idle=1, waiting=0)
2018-04-06 11:18:00 [DEBUG] [HikariPool.java]logPoolState(404) : HikariPool-7 - Before cleanup stats (total=1, active=0, idle=1, waiting=0)
2018-04-06 11:18:00 [DEBUG] [HikariPool.java]logPoolState(404) : HikariPool-8 - Before cleanup stats (total=1, active=0, idle=1, waiting=0)
2018-04-06 11:18:00 [DEBUG] [HikariPool.java]logPoolState(404) : HikariPool-7 - After cleanup  stats (total=1, active=0, idle=1, waiting=0)
2018-04-06 11:18:00 [DEBUG] [HikariPool.java]logPoolState(404) : HikariPool-8 - After cleanup  stats (total=1, active=0, idle=1, waiting=0)
2018-04-06 11:18:30 [DEBUG] [HikariPool.java]logPoolState(404) : HikariPool-7 - Before cleanup stats (total=1, active=0, idle=1, waiting=0)
2018-04-06 11:18:30 [DEBUG] [HikariPool.java]logPoolState(404) : HikariPool-8 - Before cleanup stats (total=1, active=0, idle=1, waiting=0)
2018-04-06 11:18:30 [DEBUG] [HikariPool.java]logPoolState(404) : HikariPool-7 - After cleanup  stats (total=1, active=0, idle=1, waiting=0)
2018-04-06 11:18:30 [DEBUG] [HikariPool.java]logPoolState(404) : HikariPool-8 - After cleanup  stats (total=1, active=0, idle=1, waiting=0)
2018-04-06 11:19:00 [DEBUG] [HikariPool.java]logPoolState(404) : HikariPool-7 - Before cleanup stats (total=1, active=0, idle=1, waiting=0)
2018-04-06 11:19:00 [DEBUG] [HikariPool.java]logPoolState(404) : HikariPool-8 - Before cleanup stats (total=1, active=0, idle=1, waiting=0)
2018-04-06 11:19:00 [DEBUG] [HikariPool.java]logPoolState(404) : HikariPool-8 - After cleanup  stats (total=1, active=0, idle=1, waiting=0)
2018-04-06 11:19:00 [DEBUG] [HikariPool.java]logPoolState(404) : HikariPool-7 - After cleanup  stats (total=1, active=0, idle=1, waiting=0)
2018-04-06 11:19:30 [DEBUG] [HikariPool.java]logPoolState(404) : HikariPool-7 - Before cleanup stats (total=1, active=0, idle=1, waiting=0)
2018-04-06 11:19:30 [DEBUG] [HikariPool.java]logPoolState(404) : HikariPool-8 - Before cleanup stats (total=1, active=0, idle=1, waiting=0)
2018-04-06 11:19:30 [DEBUG] [HikariPool.java]logPoolState(404) : HikariPool-7 - After cleanup  stats (total=1, active=0, idle=1, waiting=0)
2018-04-06 11:19:30 [DEBUG] [HikariPool.java]logPoolState(404) : HikariPool-8 - After cleanup  stats (total=1, active=0, idle=1, waiting=0)
2018-04-06 11:20:00 [DEBUG] [HikariPool.java]logPoolState(404) : HikariPool-8 - Before cleanup stats (total=1, active=0, idle=1, waiting=0)
2018-04-06 11:20:00 [DEBUG] [HikariPool.java]logPoolState(404) : HikariPool-7 - Before cleanup stats (total=1, active=0, idle=1, waiting=0)
2018-04-06 11:20:00 [DEBUG] [HikariPool.java]logPoolState(404) : HikariPool-8 - After cleanup  stats (total=1, active=0, idle=1, waiting=0)
2018-04-06 11:20:00 [DEBUG] [HikariPool.java]logPoolState(404) : HikariPool-7 - After cleanup  stats (total=1, active=0, idle=1, waiting=0)
2018-04-06 11:20:30 [DEBUG] [HikariPool.java]logPoolState(404) : HikariPool-8 - Before cleanup stats (total=1, active=0, idle=1, waiting=0)
2018-04-06 11:20:30 [DEBUG] [HikariPool.java]logPoolState(404) : HikariPool-7 - Before cleanup stats (total=1, active=0, idle=1, waiting=0)
2018-04-06 11:20:30 [DEBUG] [HikariPool.java]logPoolState(404) : HikariPool-8 - After cleanup  stats (total=1, active=0, idle=1, waiting=0)
2018-04-06 11:20:30 [DEBUG] [HikariPool.java]logPoolState(404) : HikariPool-7 - After cleanup  stats (total=1, active=0, idle=1, waiting=0)
2018-04-06 11:21:00 [DEBUG] [HikariPool.java]logPoolState(404) : HikariPool-8 - Before cleanup stats (total=1, active=0, idle=1, waiting=0)
2018-04-06 11:21:00 [DEBUG] [HikariPool.java]logPoolState(404) : HikariPool-7 - Before cleanup stats (total=1, active=0, idle=1, waiting=0)
2018-04-06 11:21:00 [DEBUG] [HikariPool.java]logPoolState(404) : HikariPool-8 - After cleanup  stats (total=1, active=0, idle=1, waiting=0)
2018-04-06 11:21:00 [DEBUG] [HikariPool.java]logPoolState(404) : HikariPool-7 - After cleanup  stats (total=1, active=0, idle=1, waiting=0)
2018-04-06 11:21:30 [DEBUG] [HikariPool.java]logPoolState(404) : HikariPool-8 - Before cleanup stats (total=1, active=0, idle=1, waiting=0)
2018-04-06 11:21:30 [DEBUG] [HikariPool.java]logPoolState(404) : HikariPool-7 - Before cleanup stats (total=1, active=0, idle=1, waiting=0)
2018-04-06 11:21:30 [DEBUG] [HikariPool.java]logPoolState(404) : HikariPool-8 - After cleanup  stats (total=1, active=0, idle=1, waiting=0)
2018-04-06 11:21:30 [DEBUG] [HikariPool.java]logPoolState(404) : HikariPool-7 - After cleanup  stats (total=1, active=0, idle=1, waiting=0)
2018-04-06 11:22:00 [DEBUG] [HikariPool.java]logPoolState(404) : HikariPool-8 - Before cleanup stats (total=1, active=0, idle=1, waiting=0)
2018-04-06 11:22:00 [DEBUG] [HikariPool.java]logPoolState(404) : HikariPool-7 - Before cleanup stats (total=1, active=0, idle=1, waiting=0)
2018-04-06 11:22:00 [DEBUG] [HikariPool.java]logPoolState(404) : HikariPool-7 - After cleanup  stats (total=1, active=0, idle=1, waiting=0)
2018-04-06 11:22:00 [DEBUG] [HikariPool.java]logPoolState(404) : HikariPool-8 - After cleanup  stats (total=1, active=0, idle=1, waiting=0)
2018-04-06 11:22:30 [DEBUG] [HikariPool.java]logPoolState(404) : HikariPool-7 - Before cleanup stats (total=1, active=0, idle=1, waiting=0)
2018-04-06 11:22:30 [DEBUG] [HikariPool.java]logPoolState(404) : HikariPool-8 - Before cleanup stats (total=1, active=0, idle=1, waiting=0)
2018-04-06 11:22:30 [DEBUG] [HikariPool.java]logPoolState(404) : HikariPool-7 - After cleanup  stats (total=1, active=0, idle=1, waiting=0)
2018-04-06 11:22:30 [DEBUG] [HikariPool.java]logPoolState(404) : HikariPool-8 - After cleanup  stats (total=1, active=0, idle=1, waiting=0)
2018-04-06 11:23:00 [DEBUG] [HikariPool.java]logPoolState(404) : HikariPool-7 - Before cleanup stats (total=1, active=0, idle=1, waiting=0)
2018-04-06 11:23:00 [DEBUG] [HikariPool.java]logPoolState(404) : HikariPool-8 - Before cleanup stats (total=1, active=0, idle=1, waiting=0)
2018-04-06 11:23:00 [DEBUG] [HikariPool.java]logPoolState(404) : HikariPool-7 - After cleanup  stats (total=1, active=0, idle=1, waiting=0)
2018-04-06 11:23:00 [DEBUG] [HikariPool.java]logPoolState(404) : HikariPool-8 - After cleanup  stats (total=1, active=0, idle=1, waiting=0)
2018-04-06 11:23:30 [DEBUG] [HikariPool.java]logPoolState(404) : HikariPool-8 - Before cleanup stats (total=1, active=0, idle=1, waiting=0)
2018-04-06 11:23:30 [DEBUG] [HikariPool.java]logPoolState(404) : HikariPool-7 - Before cleanup stats (total=1, active=0, idle=1, waiting=0)
2018-04-06 11:23:30 [DEBUG] [HikariPool.java]logPoolState(404) : HikariPool-8 - After cleanup  stats (total=1, active=0, idle=1, waiting=0)
2018-04-06 11:23:30 [DEBUG] [HikariPool.java]logPoolState(404) : HikariPool-7 - After cleanup  stats (total=1, active=0, idle=1, waiting=0)
2018-04-06 11:23:36 [INFO ] [AbstractApplicationContext.java]doClose(989) : Closing org.springframework.boot.web.servlet.context.AnnotationConfigServletWebServerApplicationContext@23ccf882: startup date [Thu Apr 05 17:04:30 KST 2018]; root of context hierarchy
2018-04-06 11:23:36 [DEBUG] [AbstractBeanFactory.java]doGetBean(255) : Returning cached instance of singleton bean 'documentationPluginsBootstrapper'
2018-04-06 11:23:36 [DEBUG] [AbstractBeanFactory.java]doGetBean(255) : Returning cached instance of singleton bean 'lifecycleProcessor'
2018-04-06 11:23:36 [INFO ] [DefaultLifecycleProcessor.java]stop(366) : Stopping beans in phase 2147483647
2018-04-06 11:23:36 [DEBUG] [DefaultLifecycleProcessor.java]doStop(233) : Asking bean 'documentationPluginsBootstrapper' of type [class springfox.documentation.spring.web.plugins.DocumentationPluginsBootstrapper] to stop
2018-04-06 11:23:36 [DEBUG] [DefaultLifecycleProcessor.java]lambda$doStop$2(240) : Bean 'documentationPluginsBootstrapper' completed its stop procedure
2018-04-06 11:23:36 [DEBUG] [DefaultSingletonBeanRegistry.java]destroySingletons(510) : Destroying singletons in org.springframework.beans.factory.support.DefaultListableBeanFactory@83f0b07: defining beans [org.springframework.context.annotation.internalConfigurationAnnotationProcessor,org.springframework.context.annotation.internalAutowiredAnnotationProcessor,org.springframework.context.annotation.internalRequiredAnnotationProcessor,org.springframework.context.annotation.internalCommonAnnotationProcessor,org.springframework.context.event.internalEventListenerProcessor,org.springframework.context.event.internalEventListenerFactory,serviceApplication,org.springframework.boot.autoconfigure.internalCachingMetadataReaderFactory,boardController,brandController,accountService,swaggerConfig,boardService,brandService,dataSourceConfig,coreApplication,userService,swagger2Controller,licenseMapperImpl,modelMapperImpl,parameterMapperImpl,securityMapperImpl,serviceModelToSwagger2MapperImpl,vendorExtensionsMapperImpl,apiDescriptionLookup,apiDescriptionReader,apiDocumentationScanner,apiListingReader,apiListingReferenceScanner,apiListingScanner,apiModelReader,cachingOperationReader,mediaTypeReader,apiOperationReader,cachingOperationNameGenerator,defaultOperationReader,defaultTagsProvider,operationDeprecatedReader,operationModelsProvider,operationParameterHeadersConditionReader,operationParameterReader,operationParameterRequestConditionReader,operationResponseClassReader,operationTagsReader,responseMessagesReader,expandedParameterBuilder,modelAttributeParameterExpander,parameterDataTypeReader,parameterDefaultReader,parameterMultiplesReader,parameterNameReader,parameterRequiredReader,parameterTypeReader,documentationPluginsBootstrapper,documentationPluginsManager,webMvcRequestHandlerProvider,operationPathDecorator,pathMappingDecorator,pathSanitizer,queryStringUriTemplateDecorator,cachingModelDependencyProvider,cachingModelProvider,defaultModelDependencyProvider,defaultModelProvider,schemaPluginsManager,accessorsProvider,cachingModelPropertiesProvider,factoryMethodProvider,fieldProvider,objectMapperBeanPropertyNamingStrategy,optimized,typeNameExtractor,apiModelBuilder,apiModelPropertyPropertyBuilder,apiModelTypeNameProvider,operationAuthReader,operationHiddenReader,operationHttpMethodReader,operationImplicitParameterReader,operationImplicitParametersReader,operationNicknameIntoUniqueIdReader,operationNotesReader,operationPositionReader,operationSummaryReader,swaggerMediaTypeReader,swaggerOperationModelsProvider,swaggerOperationResponseClassReader,swaggerOperationTagsReader,swaggerResponseMessageReader,vendorExtensionsReader,swaggerParameterDescriptionReader,swaggerExpandedParameterBuilder,apiResourceController,classOrApiAnnotationResourceGrouping,inMemorySwaggerResourcesProvider,swaggerApiListingReader,springfox.documentation.schema.configuration.ModelsConfiguration,typeResolver,modelBuilderPluginRegistry,modelPropertyBuilderPluginRegistry,typeNameProviderPluginRegistry,springfox.documentation.spring.web.SpringfoxWebMvcConfiguration,defaults,resourceGroupCache,objectMapperConfigurer,jsonSerializer,documentationPluginRegistry,apiListingBuilderPluginRegistry,operationBuilderPluginRegistry,parameterBuilderPluginRegistry,expandedParameterBuilderPluginRegistry,resourceGroupingStrategyRegistry,operationModelsProviderPluginRegistry,defaultsProviderPluginRegistry,pathDecoratorRegistry,springfox.documentation.swagger.configuration.SwaggerCommonConfiguration,swaggerProperties,springfox.documentation.swagger2.configuration.Swagger2DocumentationConfiguration,swagger2Module,api,org.springframework.transaction.annotation.ProxyTransactionManagementConfiguration,org.springframework.transaction.config.internalTransactionAdvisor,transactionAttributeSource,transactionInterceptor,org.springframework.transaction.config.internalTransactionalEventListenerFactory,masterDataSource,slaveDataSource,routingDataSource,dataSource,transactionManager,sqlSessionFactory,sqlSessionTemplate,org.springframework.aop.config.internalAutoProxyCreator,org.springframework.boot.autoconfigure.AutoConfigurationPackages,org.springframework.boot.autoconfigure.context.PropertyPlaceholderAutoConfiguration,org.springframework.boot.autoconfigure.condition.BeanTypeRegistry,org.springframework.boot.autoconfigure.jackson.JacksonAutoConfiguration$Jackson2ObjectMapperBuilderCustomizerConfiguration,standardJacksonObjectMapperBuilderCustomizer,spring.jackson-org.springframework.boot.autoconfigure.jackson.JacksonProperties,org.springframework.boot.context.properties.ConfigurationPropertiesBindingPostProcessor,org.springframework.boot.context.properties.ConfigurationBeanFactoryMetadata,org.springframework.boot.autoconfigure.jackson.JacksonAutoConfiguration$JacksonObjectMapperBuilderConfiguration,jacksonObjectMapperBuilder,org.springframework.boot.autoconfigure.jackson.JacksonAutoConfiguration$ParameterNamesModuleConfiguration,parameterNamesModule,org.springframework.boot.autoconfigure.jackson.JacksonAutoConfiguration$JacksonObjectMapperConfiguration,jacksonObjectMapper,org.springframework.boot.autoconfigure.jackson.JacksonAutoConfiguration,jsonComponentModule,org.springframework.boot.autoconfigure.websocket.servlet.WebSocketServletAutoConfiguration$TomcatWebSocketConfiguration,websocketContainerCustomizer,org.springframework.boot.autoconfigure.websocket.servlet.WebSocketServletAutoConfiguration,org.springframework.boot.autoconfigure.web.servlet.ServletWebServerFactoryConfiguration$EmbeddedTomcat,tomcatServletWebServerFactory,org.springframework.boot.autoconfigure.web.servlet.ServletWebServerFactoryAutoConfiguration,servletWebServerFactoryCustomizer,tomcatServletWebServerFactoryCustomizer,server-org.springframework.boot.autoconfigure.web.ServerProperties,webServerFactoryCustomizerBeanPostProcessor,errorPageRegistrarBeanPostProcessor,org.springframework.boot.autoconfigure.web.servlet.DispatcherServletAutoConfiguration$DispatcherServletConfiguration,dispatcherServlet,spring.mvc-org.springframework.boot.autoconfigure.web.servlet.WebMvcProperties,org.springframework.boot.autoconfigure.web.servlet.DispatcherServletAutoConfiguration$DispatcherServletRegistrationConfiguration,dispatcherServletRegistration,org.springframework.boot.autoconfigure.web.servlet.DispatcherServletAutoConfiguration,org.springframework.boot.autoconfigure.http.codec.CodecsAutoConfiguration$JacksonCodecConfiguration,jacksonCodecCustomizer,org.springframework.boot.autoconfigure.http.codec.CodecsAutoConfiguration,org.springframework.boot.autoconfigure.validation.ValidationAutoConfiguration,defaultValidator,methodValidationPostProcessor,org.springframework.boot.autoconfigure.jdbc.metadata.DataSourcePoolMetadataProvidersConfiguration$HikariPoolDataSourceMetadataProviderConfiguration,hikariPoolDataSourceMetadataProvider,org.springframework.boot.autoconfigure.jdbc.metadata.DataSourcePoolMetadataProvidersConfiguration,org.springframework.boot.autoconfigure.jdbc.DataSourceInitializerInvoker,org.springframework.boot.autoconfigure.jdbc.DataSourceInitializationConfiguration,dataSourceInitializerPostProcessor,org.springframework.boot.autoconfigure.jdbc.DataSourceAutoConfiguration,spring.datasource-org.springframework.boot.autoconfigure.jdbc.DataSourceProperties,org.springframework.boot.autoconfigure.jdbc.JdbcTemplateAutoConfiguration$JdbcTemplateConfiguration,jdbcTemplate,org.springframework.boot.autoconfigure.jdbc.JdbcTemplateAutoConfiguration$NamedParameterJdbcTemplateConfiguration,namedParameterJdbcTemplate,org.springframework.boot.autoconfigure.jdbc.JdbcTemplateAutoConfiguration,spring.jdbc-org.springframework.boot.autoconfigure.jdbc.JdbcProperties,org.springframework.boot.autoconfigure.web.servlet.error.ErrorMvcAutoConfiguration$DefaultErrorViewResolverConfiguration,conventionErrorViewResolver,org.springframework.boot.autoconfigure.web.servlet.error.ErrorMvcAutoConfiguration,errorAttributes,basicErrorController,errorPageCustomizer,preserveErrorControllerTargetClassPostProcessor,spring.resources-org.springframework.boot.autoconfigure.web.ResourceProperties,org.springframework.boot.autoconfigure.web.servlet.WebMvcAutoConfiguration$EnableWebMvcConfiguration,requestMappingHandlerAdapter,requestMappingHandlerMapping,mvcConversionService,mvcValidator,mvcContentNegotiationManager,mvcPathMatcher,mvcUrlPathHelper,viewControllerHandlerMapping,beanNameHandlerMapping,resourceHandlerMapping,mvcResourceUrlProvider,defaultServletHandlerMapping,mvcUriComponentsContributor,httpRequestHandlerAdapter,simpleControllerHandlerAdapter,handlerExceptionResolver,mvcViewResolver,mvcHandlerMappingIntrospector,org.springframework.boot.autoconfigure.web.servlet.WebMvcAutoConfiguration$WebMvcAutoConfigurationAdapter$FaviconConfiguration,faviconHandlerMapping,faviconRequestHandler,org.springframework.boot.autoconfigure.web.servlet.WebMvcAutoConfiguration$WebMvcAutoConfigurationAdapter,defaultViewResolver,viewResolver,welcomePageHandlerMapping,requestContextFilter,org.springframework.boot.autoconfigure.web.servlet.WebMvcAutoConfiguration,hiddenHttpMethodFilter,httpPutFormContentFilter,org.mybatis.spring.boot.autoconfigure.MybatisAutoConfiguration$MapperScannerRegistrarNotFoundConfiguration,boardDAO,brandDAO,languageDAO,userDAO,org.mybatis.spring.boot.autoconfigure.MybatisAutoConfiguration,mybatis-org.mybatis.spring.boot.autoconfigure.MybatisProperties,org.springframework.boot.autoconfigure.jmx.JmxAutoConfiguration,mbeanExporter,objectNamingStrategy,mbeanServer,org.springframework.boot.autoconfigure.context.ConfigurationPropertiesAutoConfiguration,org.springframework.boot.autoconfigure.dao.PersistenceExceptionTranslationAutoConfiguration,persistenceExceptionTranslationPostProcessor,org.springframework.boot.autoconfigure.http.HttpMessageConvertersAutoConfiguration$StringHttpMessageConverterConfiguration,stringHttpMessageConverter,spring.http.encoding-org.springframework.boot.autoconfigure.http.HttpEncodingProperties,org.springframework.boot.autoconfigure.http.JacksonHttpMessageConvertersConfiguration$MappingJackson2HttpMessageConverterConfiguration,mappingJackson2HttpMessageConverter,org.springframework.boot.autoconfigure.http.JacksonHttpMessageConvertersConfiguration,org.springframework.boot.autoconfigure.http.HttpMessageConvertersAutoConfiguration,messageConverters,org.springframework.data.web.config.ProjectingArgumentResolverRegistrar,projectingArgumentResolverBeanPostProcessor,org.springframework.data.web.config.SpringDataWebConfiguration,pageableResolver,sortResolver,org.springframework.data.web.config.SpringDataJacksonConfiguration,jacksonGeoModule,org.springframework.boot.autoconfigure.data.web.SpringDataWebAutoConfiguration,pageableCustomizer,sortCustomizer,spring.data.web-org.springframework.boot.autoconfigure.data.web.SpringDataWebProperties,org.springframework.boot.autoconfigure.info.ProjectInfoAutoConfiguration,spring.info-org.springframework.boot.autoconfigure.info.ProjectInfoProperties,org.springframework.boot.autoconfigure.jdbc.DataSourceTransactionManagerAutoConfiguration$DataSourceTransactionManagerConfiguration,org.springframework.boot.autoconfigure.jdbc.DataSourceTransactionManagerAutoConfiguration,org.springframework.boot.autoconfigure.transaction.TransactionAutoConfiguration$TransactionTemplateConfiguration,transactionTemplate,org.springframework.boot.autoconfigure.transaction.TransactionAutoConfiguration,platformTransactionManagerCustomizers,spring.transaction-org.springframework.boot.autoconfigure.transaction.TransactionProperties,org.springframework.boot.autoconfigure.security.reactive.ReactiveSecurityAutoConfiguration,spring.security-org.springframework.boot.autoconfigure.security.SecurityProperties,org.springframework.boot.autoconfigure.web.client.RestTemplateAutoConfiguration,restTemplateBuilder,org.springframework.boot.autoconfigure.web.embedded.EmbeddedWebServerFactoryCustomizerAutoConfiguration$TomcatWebServerFactoryCustomizerConfiguration,tomcatWebServerFactoryCustomizer,org.springframework.boot.autoconfigure.web.embedded.EmbeddedWebServerFactoryCustomizerAutoConfiguration,org.springframework.boot.autoconfigure.web.servlet.HttpEncodingAutoConfiguration,characterEncodingFilter,localeCharsetMappingsCustomizer,org.springframework.boot.autoconfigure.web.servlet.MultipartAutoConfiguration,multipartConfigElement,multipartResolver,spring.servlet.multipart-org.springframework.boot.autoconfigure.web.servlet.MultipartProperties,org.springframework.boot.devtools.autoconfigure.LocalDevToolsAutoConfiguration$RestartConfiguration,classPathFileSystemWatcher,classPathRestartStrategy,hateoasObjenesisCacheDisabler,fileSystemWatcherFactory,conditionEvaluationDeltaLoggingListener,org.springframework.boot.devtools.autoconfigure.LocalDevToolsAutoConfiguration$LiveReloadConfiguration,liveReloadServer,optionalLiveReloadServer,liveReloadServerEventListener,org.springframework.boot.devtools.autoconfigure.LocalDevToolsAutoConfiguration,spring.devtools-org.springframework.boot.devtools.autoconfigure.DevToolsProperties]; root of factory hierarchy
2018-04-06 11:23:36 [DEBUG] [DisposableBeanAdapter.java]destroy(246) : Invoking destroy() on bean with name 'classPathFileSystemWatcher'
2018-04-06 11:23:36 [DEBUG] [DisposableBeanAdapter.java]destroy(246) : Invoking destroy() on bean with name 'mbeanExporter'
2018-04-06 11:23:36 [INFO ] [MBeanExporter.java]destroy(452) : Unregistering JMX-exposed beans on shutdown
2018-04-06 11:23:36 [INFO ] [MBeanRegistrationSupport.java]unregisterBeans(183) : Unregistering JMX-exposed beans
2018-04-06 11:23:36 [DEBUG] [DefaultSingletonBeanRegistry.java]destroyBean(566) : Retrieved dependent beans for bean 'mvcValidator': [requestMappingHandlerAdapter]
2018-04-06 11:23:36 [DEBUG] [DefaultSingletonBeanRegistry.java]destroyBean(566) : Retrieved dependent beans for bean 'requestMappingHandlerAdapter': [mvcUriComponentsContributor]
2018-04-06 11:23:36 [DEBUG] [DisposableBeanAdapter.java]destroy(246) : Invoking destroy() on bean with name 'mvcValidator'
2018-04-06 11:23:36 [DEBUG] [DisposableBeanAdapter.java]destroy(246) : Invoking destroy() on bean with name 'defaultValidator'
2018-04-06 11:23:36 [DEBUG] [DefaultSingletonBeanRegistry.java]destroyBean(566) : Retrieved dependent beans for bean 'sqlSessionTemplate': [boardDAO, brandDAO, languageDAO, userDAO]
2018-04-06 11:23:36 [DEBUG] [DisposableBeanAdapter.java]destroy(246) : Invoking destroy() on bean with name 'sqlSessionTemplate'
2018-04-06 11:23:36 [DEBUG] [DefaultSingletonBeanRegistry.java]destroyBean(566) : Retrieved dependent beans for bean 'slaveDataSource': [routingDataSource]
2018-04-06 11:23:36 [DEBUG] [DefaultSingletonBeanRegistry.java]destroyBean(566) : Retrieved dependent beans for bean 'routingDataSource': [dataSource]
2018-04-06 11:23:36 [DEBUG] [DefaultSingletonBeanRegistry.java]destroyBean(566) : Retrieved dependent beans for bean 'dataSource': [transactionManager, sqlSessionFactory]
2018-04-06 11:23:36 [DEBUG] [DefaultSingletonBeanRegistry.java]destroyBean(566) : Retrieved dependent beans for bean 'transactionManager': [org.springframework.boot.autoconfigure.transaction.TransactionAutoConfiguration$TransactionTemplateConfiguration]
2018-04-06 11:23:36 [DEBUG] [DisposableBeanAdapter.java]invokeCustomDestroyMethod(318) : Invoking destroy method 'close' on bean with name 'slaveDataSource'
2018-04-06 11:23:36 [INFO ] [HikariDataSource.java]close(381) : HikariPool-8 - Shutdown initiated...
2018-04-06 11:23:36 [DEBUG] [HikariPool.java]logPoolState(404) : HikariPool-8 - Before shutdown stats (total=1, active=0, idle=1, waiting=0)
2018-04-06 11:23:36 [DEBUG] [PoolBase.java]quietlyCloseConnection(127) : HikariPool-8 - Closing connection com.mysql.jdbc.JDBC4Connection@a8622e0: (connection evicted)
2018-04-06 11:23:36 [DEBUG] [HikariPool.java]logPoolState(404) : HikariPool-8 - After shutdown stats (total=0, active=0, idle=0, waiting=0)
2018-04-06 11:23:36 [INFO ] [HikariDataSource.java]close(383) : HikariPool-8 - Shutdown completed.
2018-04-06 11:23:36 [DEBUG] [DefaultSingletonBeanRegistry.java]destroyBean(566) : Retrieved dependent beans for bean 'masterDataSource': [org.springframework.boot.autoconfigure.jdbc.JdbcTemplateAutoConfiguration$JdbcTemplateConfiguration, org.springframework.boot.autoconfigure.jdbc.DataSourceTransactionManagerAutoConfiguration$DataSourceTransactionManagerConfiguration]
2018-04-06 11:23:36 [DEBUG] [DisposableBeanAdapter.java]invokeCustomDestroyMethod(318) : Invoking destroy method 'close' on bean with name 'masterDataSource'
2018-04-06 11:23:36 [INFO ] [HikariDataSource.java]close(381) : HikariPool-7 - Shutdown initiated...
2018-04-06 11:23:36 [DEBUG] [HikariPool.java]logPoolState(404) : HikariPool-7 - Before shutdown stats (total=1, active=0, idle=1, waiting=0)
2018-04-06 11:23:36 [DEBUG] [PoolBase.java]quietlyCloseConnection(127) : HikariPool-7 - Closing connection com.mysql.jdbc.JDBC4Connection@14a07712: (connection evicted)
2018-04-06 11:23:36 [DEBUG] [HikariPool.java]logPoolState(404) : HikariPool-7 - After shutdown stats (total=0, active=0, idle=0, waiting=0)
2018-04-06 11:23:36 [INFO ] [HikariDataSource.java]close(383) : HikariPool-7 - Shutdown completed.
2018-04-06 11:23:36 [DEBUG] [DefaultSingletonBeanRegistry.java]destroyBean(566) : Retrieved dependent beans for bean 'mvcResourceUrlProvider': [requestMappingHandlerMapping]
2018-04-06 11:23:36 [DEBUG] [DefaultSingletonBeanRegistry.java]destroyBean(566) : Retrieved dependent beans for bean 'requestMappingHandlerMapping': [webMvcRequestHandlerProvider]
2018-04-06 11:23:36 [DEBUG] [DefaultSingletonBeanRegistry.java]destroyBean(566) : Retrieved dependent beans for bean 'webMvcRequestHandlerProvider': [documentationPluginsBootstrapper]
2018-04-06 11:23:36 [DEBUG] [DefaultSingletonBeanRegistry.java]destroyBean(566) : Retrieved dependent beans for bean 'cachingModelPropertiesProvider': [defaultModelDependencyProvider, defaultModelProvider]
2018-04-06 11:23:36 [DEBUG] [DefaultSingletonBeanRegistry.java]destroyBean(566) : Retrieved dependent beans for bean 'defaultModelDependencyProvider': [cachingModelDependencyProvider]
2018-04-06 11:23:36 [DEBUG] [DefaultSingletonBeanRegistry.java]destroyBean(566) : Retrieved dependent beans for bean 'cachingModelDependencyProvider': [defaultModelProvider]
2018-04-06 11:23:36 [DEBUG] [DefaultSingletonBeanRegistry.java]destroyBean(566) : Retrieved dependent beans for bean 'defaultModelProvider': [cachingModelProvider]
2018-04-06 11:23:36 [DEBUG] [DefaultSingletonBeanRegistry.java]destroyBean(566) : Retrieved dependent beans for bean 'cachingModelProvider': [apiModelReader]
2018-04-06 11:23:36 [DEBUG] [DefaultSingletonBeanRegistry.java]destroyBean(566) : Retrieved dependent beans for bean 'apiModelReader': [apiListingScanner]
2018-04-06 11:23:36 [DEBUG] [DefaultSingletonBeanRegistry.java]destroyBean(566) : Retrieved dependent beans for bean 'apiListingScanner': [apiDocumentationScanner]
2018-04-06 11:23:36 [DEBUG] [DefaultSingletonBeanRegistry.java]destroyBean(566) : Retrieved dependent beans for bean 'typeNameProviderPluginRegistry': [typeNameExtractor]
2018-04-06 11:23:36 [DEBUG] [DefaultSingletonBeanRegistry.java]destroyBean(566) : Retrieved dependent beans for bean 'typeNameExtractor': [operationResponseClassReader, responseMessagesReader, parameterDataTypeReader, swaggerOperationResponseClassReader, swaggerResponseMessageReader]
2018-04-06 11:23:36 [DEBUG] [DefaultSingletonBeanRegistry.java]destroyBean(566) : Retrieved dependent beans for bean 'modelBuilderPluginRegistry': [schemaPluginsManager]
2018-04-06 11:23:36 [DEBUG] [DefaultSingletonBeanRegistry.java]destroyBean(566) : Retrieved dependent beans for bean 'pathDecoratorRegistry': [documentationPluginsManager]
2018-04-06 11:23:36 [DEBUG] [DefaultSingletonBeanRegistry.java]destroyBean(566) : Retrieved dependent beans for bean 'documentationPluginsManager': [apiOperationReader, apiDescriptionReader, modelAttributeParameterExpander, operationParameterReader]
2018-04-06 11:23:36 [DEBUG] [DefaultSingletonBeanRegistry.java]destroyBean(566) : Retrieved dependent beans for bean 'apiOperationReader': [cachingOperationReader]
2018-04-06 11:23:36 [DEBUG] [DefaultSingletonBeanRegistry.java]destroyBean(566) : Retrieved dependent beans for bean 'cachingOperationReader': [apiDescriptionReader]
2018-04-06 11:23:36 [DEBUG] [DefaultSingletonBeanRegistry.java]destroyBean(566) : Retrieved dependent beans for bean 'modelAttributeParameterExpander': [operationParameterReader]
2018-04-06 11:23:36 [DEBUG] [DisposableBeanAdapter.java]destroy(246) : Invoking destroy() on bean with name 'characterEncodingFilter'
2018-04-06 11:23:36 [DEBUG] [DisposableBeanAdapter.java]destroy(246) : Invoking destroy() on bean with name 'httpPutFormContentFilter'
2018-04-06 11:23:36 [DEBUG] [DisposableBeanAdapter.java]destroy(246) : Invoking destroy() on bean with name 'hiddenHttpMethodFilter'
2018-04-06 11:23:36 [DEBUG] [DisposableBeanAdapter.java]destroy(246) : Invoking destroy() on bean with name 'requestContextFilter'
2018-04-06 11:23:36 [DEBUG] [DefaultSingletonBeanRegistry.java]destroyBean(566) : Retrieved dependent beans for bean 'org.springframework.boot.autoconfigure.internalCachingMetadataReaderFactory': [org.springframework.context.annotation.internalConfigurationAnnotationProcessor]
